#
# There is insufficient memory for the Java Runtime Environment to continue.
# Native memory allocation (malloc) failed to allocate 49504 bytes for Chunk::new
# Possible reasons:
#   The system is out of physical RAM or swap space
#   The process is running with CompressedOops enabled, and the Java Heap may be blocking the growth of the native heap
# Possible solutions:
#   Reduce memory load on the system
#   Increase physical memory or swap space
#   Check if swap backing store is full
#   Decrease Java heap size (-Xmx/-Xms)
#   Decrease number of Java threads
#   Decrease Java thread stack sizes (-Xss)
#   Set larger code cache with -XX:ReservedCodeCacheSize=
#   JVM is running with Unscaled Compressed Oops mode in which the Java heap is
#     placed in the first 4GB address space. The Java Heap base address is the
#     maximum limit for the native heap growth. Please use -XX:HeapBaseMinAddress
#     to set the Java Heap base and to place the Java Heap above 4GB virtual address.
# This output file may be truncated or incomplete.
#
#  Out of Memory Error (t:/workspace/open/src/hotspot/share/memory/arena.cpp:197), pid=29540, tid=29656
#
# JRE version: Java(TM) SE Runtime Environment (11.0+28) (build 11+28)
# Java VM: Java HotSpot(TM) 64-Bit Server VM (11+28, mixed mode, tiered, compressed oops, g1 gc, windows-amd64)
# No core dump will be written. Minidumps are not enabled by default on client versions of Windows
#

---------------  S U M M A R Y ------------

Command Line: -javaagent:D:\软件\IDEA\IntelliJ IDEA 2018.2.4\lib\idea_rt.jar=55234:D:\软件\IDEA\IntelliJ IDEA 2018.2.4\bin -Dfile.encoding=UTF-8 play.GameInterface

Host: Intel(R) Core(TM) i5-7300HQ CPU @ 2.50GHz, 4 cores, 7G,  Windows 10 , 64 bit Build 17134 (10.0.17134.1)
Time: Mon Nov  5 19:32:53 2018 ?D1ú±ê×?ê±?? elapsed time: 0 seconds (0d 0h 0m 0s)

---------------  T H R E A D  ---------------

Current thread (0x000001c07c6f4000):  JavaThread "main" [_thread_in_vm, id=29656, stack(0x000000935f000000,0x000000935f100000)]

Stack: [0x000000935f000000,0x000000935f100000]
Native frames: (J=compiled Java code, j=interpreted, Vv=VM code, C=native code)
V  [jvm.dll+0x63c22a]
V  [jvm.dll+0x7797ef]
V  [jvm.dll+0x77adda]
V  [jvm.dll+0x77b493]
V  [jvm.dll+0x262818]
V  [jvm.dll+0xc5c71]
V  [jvm.dll+0xc61fc]
V  [jvm.dll+0x1e83fd]
V  [jvm.dll+0x1e77ee]
V  [jvm.dll+0x714281]
V  [jvm.dll+0x7156a1]
V  [jvm.dll+0x715dd8]
V  [jvm.dll+0x1e1955]
V  [jvm.dll+0x1d61a0]
V  [jvm.dll+0x5190e5]
V  [jvm.dll+0x1e771b]
V  [jvm.dll+0x714281]
V  [jvm.dll+0x7156a1]
V  [jvm.dll+0x715dd8]
V  [jvm.dll+0x1e1955]
V  [jvm.dll+0x1d61a0]
V  [jvm.dll+0x5190e5]
V  [jvm.dll+0x1e771b]
V  [jvm.dll+0x714281]
V  [jvm.dll+0x7156a1]
V  [jvm.dll+0x418dab]
C  [java.dll+0x1c21]

Java frames: (J=compiled Java code, j=interpreted, Vv=VM code)
j  java.lang.ClassLoader.findBootstrapClass(Ljava/lang/String;)Ljava/lang/Class;+0 java.base@11
j  java.lang.ClassLoader.findBootstrapClassOrNull(Ljava/lang/String;)Ljava/lang/Class;+12 java.base@11
j  java.lang.System$2.findBootstrapClassOrNull(Ljava/lang/ClassLoader;Ljava/lang/String;)Ljava/lang/Class;+2 java.base@11
j  jdk.internal.loader.ClassLoaders$BootClassLoader.loadClassOrNull(Ljava/lang/String;)Ljava/lang/Class;+5 java.base@11
j  jdk.internal.loader.BuiltinClassLoader.loadClassOrNull(Ljava/lang/String;Z)Ljava/lang/Class;+66 java.base@11
j  jdk.internal.loader.BuiltinClassLoader.loadClass(Ljava/lang/String;Z)Ljava/lang/Class;+3 java.base@11
j  jdk.internal.loader.ClassLoaders$AppClassLoader.loadClass(Ljava/lang/String;Z)Ljava/lang/Class;+36 java.base@11
j  java.lang.ClassLoader.loadClass(Ljava/lang/String;)Ljava/lang/Class;+3 java.base@11
v  ~StubRoutines::call_stub
j  java.lang.ClassLoader.defineClass1(Ljava/lang/ClassLoader;Ljava/lang/String;[BIILjava/security/ProtectionDomain;Ljava/lang/String;)Ljava/lang/Class;+0 java.base@11
j  java.lang.ClassLoader.defineClass(Ljava/lang/String;[BIILjava/security/ProtectionDomain;)Ljava/lang/Class;+27 java.base@11
j  java.security.SecureClassLoader.defineClass(Ljava/lang/String;[BIILjava/security/CodeSource;)Ljava/lang/Class;+12 java.base@11
j  jdk.internal.loader.BuiltinClassLoader.defineClass(Ljava/lang/String;Ljdk/internal/loader/Resource;)Ljava/lang/Class;+117 java.base@11
j  jdk.internal.loader.BuiltinClassLoader.findClassOnClassPathOrNull(Ljava/lang/String;)Ljava/lang/Class;+37 java.base@11
j  jdk.internal.loader.BuiltinClassLoader.loadClassOrNull(Ljava/lang/String;Z)Ljava/lang/Class;+111 java.base@11
j  jdk.internal.loader.BuiltinClassLoader.loadClass(Ljava/lang/String;Z)Ljava/lang/Class;+3 java.base@11
j  jdk.internal.loader.ClassLoaders$AppClassLoader.loadClass(Ljava/lang/String;Z)Ljava/lang/Class;+36 java.base@11
j  java.lang.ClassLoader.loadClass(Ljava/lang/String;)Ljava/lang/Class;+3 java.base@11
v  ~StubRoutines::call_stub
j  java.lang.Class.forName0(Ljava/lang/String;ZLjava/lang/ClassLoader;Ljava/lang/Class;)Ljava/lang/Class;+0 java.base@11
j  java.lang.Class.forName(Ljava/lang/String;ZLjava/lang/ClassLoader;)Ljava/lang/Class;+43 java.base@11
j  sun.launcher.LauncherHelper.loadMainClass(ILjava/lang/String;)Ljava/lang/Class;+93 java.base@11
j  sun.launcher.LauncherHelper.checkAndLoadMain(ZILjava/lang/String;)Ljava/lang/Class;+42 java.base@11
v  ~StubRoutines::call_stub

---------------  P R O C E S S  ---------------

Threads class SMR info:
_java_thread_list=0x000001c07fb9a3c0, length=11, elements={
0x000001c07c6f4000, 0x000001c07f820000, 0x000001c07f82a000, 0x000001c07f8a3000,
0x000001c07f852800, 0x000001c07f856000, 0x000001c07f8a6000, 0x000001c07f8b9800,
0x000001c07f7b6000, 0x000001c07fb3e800, 0x000001c07fb0c000
}

Java Threads: ( => current thread )
=>0x000001c07c6f4000 JavaThread "main" [_thread_in_vm, id=29656, stack(0x000000935f000000,0x000000935f100000)]
  0x000001c07f820000 JavaThread "Reference Handler" daemon [_thread_blocked, id=12928, stack(0x000000935f700000,0x000000935f800000)]
  0x000001c07f82a000 JavaThread "Finalizer" daemon [_thread_blocked, id=28684, stack(0x000000935f800000,0x000000935f900000)]
  0x000001c07f8a3000 JavaThread "Signal Dispatcher" daemon [_thread_blocked, id=28128, stack(0x000000935f900000,0x000000935fa00000)]
  0x000001c07f852800 JavaThread "Attach Listener" daemon [_thread_blocked, id=10136, stack(0x000000935fa00000,0x000000935fb00000)]
  0x000001c07f856000 JavaThread "C2 CompilerThread0" daemon [_thread_blocked, id=28400, stack(0x000000935fb00000,0x000000935fc00000)]
  0x000001c07f8a6000 JavaThread "C1 CompilerThread0" daemon [_thread_blocked, id=27684, stack(0x000000935fc00000,0x000000935fd00000)]
  0x000001c07f8b9800 JavaThread "Sweeper thread" daemon [_thread_blocked, id=23668, stack(0x000000935fd00000,0x000000935fe00000)]
  0x000001c07f7b6000 JavaThread "Common-Cleaner" daemon [_thread_blocked, id=24676, stack(0x000000935fe00000,0x000000935ff00000)]
  0x000001c07fb3e800 JavaThread "Monitor Ctrl-Break" daemon [_thread_blocked, id=23808, stack(0x000000935ff00000,0x0000009360000000)]
  0x000001c07fb0c000 JavaThread "Service Thread" daemon [_thread_blocked, id=27900, stack(0x0000009360000000,0x0000009360100000)]

Other Threads:
  0x000001c07f7fb800 VMThread "VM Thread" [stack: 0x000000935f600000,0x000000935f700000] [id=6284]
  0x000001c07fb3f800 WatcherThread [stack: 0x0000009360100000,0x0000009360200000] [id=8160]
  0x000001c07c70b000 GCTaskThread "GC Thread#0" [stack: 0x000000935f100000,0x000000935f200000] [id=29680]
  0x000001c07c73d000 ConcurrentGCThread "G1 Main Marker" [stack: 0x000000935f200000,0x000000935f300000] [id=29684]
  0x000001c07c73f000 ConcurrentGCThread "G1 Conc#0" [stack: 0x000000935f300000,0x000000935f400000] [id=29688]
  0x000001c07c7cd800 ConcurrentGCThread "G1 Refine#0" [stack: 0x000000935f400000,0x000000935f500000] [id=29692]
  0x000001c07c7ce800 ConcurrentGCThread "G1 Young RemSet Sampling" [stack: 0x000000935f500000,0x000000935f600000] [id=28676]

Threads with active compile tasks:

VM state:synchronizing (normal execution)

VM Mutex/Monitor currently owned by a thread:  ([mutex/lock_event])
[0x000001c07c6f1f50] Threads_lock - owner thread: 0x000001c07f7fb800
[0x000001c07c6f27c0] Heap_lock - owner thread: 0x000001c07fb3e800

Heap address: 0x0000000080a00000, size: 2038 MB, Compressed Oops mode: 32-bit
Narrow klass base: 0x0000000000000000, Narrow klass shift: 3
Compressed class space size: 1073741824 Address: 0x0000000100000000

Heap:
 garbage-first heap   total 131072K, used 2048K [0x0000000080a00000, 0x0000000100000000)
  region size 1024K, 3 young (3072K), 0 survivors (0K)
 Metaspace       used 6641K, capacity 6733K, committed 6784K, reserved 1060864K
  class space    used 581K, capacity 600K, committed 640K, reserved 1048576K
Heap Regions: E=young(eden), S=young(survivor), O=old, HS=humongous(starts), HC=humongous(continues), CS=collection set, F=free, A=archive, TAMS=top-at-mark-start (previous, next)
|   0|0x0000000080a00000, 0x0000000080a00000, 0x0000000080b00000|  0%| F|  |TAMS 0x0000000080a00000, 0x0000000080a00000| Untracked 
|   1|0x0000000080b00000, 0x0000000080b00000, 0x0000000080c00000|  0%| F|  |TAMS 0x0000000080b00000, 0x0000000080b00000| Untracked 
|   2|0x0000000080c00000, 0x0000000080c00000, 0x0000000080d00000|  0%| F|  |TAMS 0x0000000080c00000, 0x0000000080c00000| Untracked 
|   3|0x0000000080d00000, 0x0000000080d00000, 0x0000000080e00000|  0%| F|  |TAMS 0x0000000080d00000, 0x0000000080d00000| Untracked 
|   4|0x0000000080e00000, 0x0000000080e00000, 0x0000000080f00000|  0%| F|  |TAMS 0x0000000080e00000, 0x0000000080e00000| Untracked 
|   5|0x0000000080f00000, 0x0000000080f00000, 0x0000000081000000|  0%| F|  |TAMS 0x0000000080f00000, 0x0000000080f00000| Untracked 
|   6|0x0000000081000000, 0x0000000081000000, 0x0000000081100000|  0%| F|  |TAMS 0x0000000081000000, 0x0000000081000000| Untracked 
|   7|0x0000000081100000, 0x0000000081100000, 0x0000000081200000|  0%| F|  |TAMS 0x0000000081100000, 0x0000000081100000| Untracked 
|   8|0x0000000081200000, 0x0000000081200000, 0x0000000081300000|  0%| F|  |TAMS 0x0000000081200000, 0x0000000081200000| Untracked 
|   9|0x0000000081300000, 0x0000000081300000, 0x0000000081400000|  0%| F|  |TAMS 0x0000000081300000, 0x0000000081300000| Untracked 
|  10|0x0000000081400000, 0x0000000081400000, 0x0000000081500000|  0%| F|  |TAMS 0x0000000081400000, 0x0000000081400000| Untracked 
|  11|0x0000000081500000, 0x0000000081500000, 0x0000000081600000|  0%| F|  |TAMS 0x0000000081500000, 0x0000000081500000| Untracked 
|  12|0x0000000081600000, 0x0000000081600000, 0x0000000081700000|  0%| F|  |TAMS 0x0000000081600000, 0x0000000081600000| Untracked 
|  13|0x0000000081700000, 0x0000000081700000, 0x0000000081800000|  0%| F|  |TAMS 0x0000000081700000, 0x0000000081700000| Untracked 
|  14|0x0000000081800000, 0x0000000081800000, 0x0000000081900000|  0%| F|  |TAMS 0x0000000081800000, 0x0000000081800000| Untracked 
|  15|0x0000000081900000, 0x0000000081900000, 0x0000000081a00000|  0%| F|  |TAMS 0x0000000081900000, 0x0000000081900000| Untracked 
|  16|0x0000000081a00000, 0x0000000081a00000, 0x0000000081b00000|  0%| F|  |TAMS 0x0000000081a00000, 0x0000000081a00000| Untracked 
|  17|0x0000000081b00000, 0x0000000081b00000, 0x0000000081c00000|  0%| F|  |TAMS 0x0000000081b00000, 0x0000000081b00000| Untracked 
|  18|0x0000000081c00000, 0x0000000081c00000, 0x0000000081d00000|  0%| F|  |TAMS 0x0000000081c00000, 0x0000000081c00000| Untracked 
|  19|0x0000000081d00000, 0x0000000081d00000, 0x0000000081e00000|  0%| F|  |TAMS 0x0000000081d00000, 0x0000000081d00000| Untracked 
|  20|0x0000000081e00000, 0x0000000081e00000, 0x0000000081f00000|  0%| F|  |TAMS 0x0000000081e00000, 0x0000000081e00000| Untracked 
|  21|0x0000000081f00000, 0x0000000081f00000, 0x0000000082000000|  0%| F|  |TAMS 0x0000000081f00000, 0x0000000081f00000| Untracked 
|  22|0x0000000082000000, 0x0000000082000000, 0x0000000082100000|  0%| F|  |TAMS 0x0000000082000000, 0x0000000082000000| Untracked 
|  23|0x0000000082100000, 0x0000000082100000, 0x0000000082200000|  0%| F|  |TAMS 0x0000000082100000, 0x0000000082100000| Untracked 
|  24|0x0000000082200000, 0x0000000082200000, 0x0000000082300000|  0%| F|  |TAMS 0x0000000082200000, 0x0000000082200000| Untracked 
|  25|0x0000000082300000, 0x0000000082300000, 0x0000000082400000|  0%| F|  |TAMS 0x0000000082300000, 0x0000000082300000| Untracked 
|  26|0x0000000082400000, 0x0000000082400000, 0x0000000082500000|  0%| F|  |TAMS 0x0000000082400000, 0x0000000082400000| Untracked 
|  27|0x0000000082500000, 0x0000000082500000, 0x0000000082600000|  0%| F|  |TAMS 0x0000000082500000, 0x0000000082500000| Untracked 
|  28|0x0000000082600000, 0x0000000082600000, 0x0000000082700000|  0%| F|  |TAMS 0x0000000082600000, 0x0000000082600000| Untracked 
|  29|0x0000000082700000, 0x0000000082700000, 0x0000000082800000|  0%| F|  |TAMS 0x0000000082700000, 0x0000000082700000| Untracked 
|  30|0x0000000082800000, 0x0000000082800000, 0x0000000082900000|  0%| F|  |TAMS 0x0000000082800000, 0x0000000082800000| Untracked 
|  31|0x0000000082900000, 0x0000000082900000, 0x0000000082a00000|  0%| F|  |TAMS 0x0000000082900000, 0x0000000082900000| Untracked 
|  32|0x0000000082a00000, 0x0000000082a00000, 0x0000000082b00000|  0%| F|  |TAMS 0x0000000082a00000, 0x0000000082a00000| Untracked 
|  33|0x0000000082b00000, 0x0000000082b00000, 0x0000000082c00000|  0%| F|  |TAMS 0x0000000082b00000, 0x0000000082b00000| Untracked 
|  34|0x0000000082c00000, 0x0000000082c00000, 0x0000000082d00000|  0%| F|  |TAMS 0x0000000082c00000, 0x0000000082c00000| Untracked 
|  35|0x0000000082d00000, 0x0000000082d00000, 0x0000000082e00000|  0%| F|  |TAMS 0x0000000082d00000, 0x0000000082d00000| Untracked 
|  36|0x0000000082e00000, 0x0000000082e00000, 0x0000000082f00000|  0%| F|  |TAMS 0x0000000082e00000, 0x0000000082e00000| Untracked 
|  37|0x0000000082f00000, 0x0000000082f00000, 0x0000000083000000|  0%| F|  |TAMS 0x0000000082f00000, 0x0000000082f00000| Untracked 
|  38|0x0000000083000000, 0x0000000083000000, 0x0000000083100000|  0%| F|  |TAMS 0x0000000083000000, 0x0000000083000000| Untracked 
|  39|0x0000000083100000, 0x0000000083100000, 0x0000000083200000|  0%| F|  |TAMS 0x0000000083100000, 0x0000000083100000| Untracked 
|  40|0x0000000083200000, 0x0000000083200000, 0x0000000083300000|  0%| F|  |TAMS 0x0000000083200000, 0x0000000083200000| Untracked 
|  41|0x0000000083300000, 0x0000000083300000, 0x0000000083400000|  0%| F|  |TAMS 0x0000000083300000, 0x0000000083300000| Untracked 
|  42|0x0000000083400000, 0x0000000083400000, 0x0000000083500000|  0%| F|  |TAMS 0x0000000083400000, 0x0000000083400000| Untracked 
|  43|0x0000000083500000, 0x0000000083500000, 0x0000000083600000|  0%| F|  |TAMS 0x0000000083500000, 0x0000000083500000| Untracked 
|  44|0x0000000083600000, 0x0000000083600000, 0x0000000083700000|  0%| F|  |TAMS 0x0000000083600000, 0x0000000083600000| Untracked 
|  45|0x0000000083700000, 0x0000000083700000, 0x0000000083800000|  0%| F|  |TAMS 0x0000000083700000, 0x0000000083700000| Untracked 
|  46|0x0000000083800000, 0x0000000083800000, 0x0000000083900000|  0%| F|  |TAMS 0x0000000083800000, 0x0000000083800000| Untracked 
|  47|0x0000000083900000, 0x0000000083900000, 0x0000000083a00000|  0%| F|  |TAMS 0x0000000083900000, 0x0000000083900000| Untracked 
|  48|0x0000000083a00000, 0x0000000083a00000, 0x0000000083b00000|  0%| F|  |TAMS 0x0000000083a00000, 0x0000000083a00000| Untracked 
|  49|0x0000000083b00000, 0x0000000083b00000, 0x0000000083c00000|  0%| F|  |TAMS 0x0000000083b00000, 0x0000000083b00000| Untracked 
|  50|0x0000000083c00000, 0x0000000083c00000, 0x0000000083d00000|  0%| F|  |TAMS 0x0000000083c00000, 0x0000000083c00000| Untracked 
|  51|0x0000000083d00000, 0x0000000083d00000, 0x0000000083e00000|  0%| F|  |TAMS 0x0000000083d00000, 0x0000000083d00000| Untracked 
|  52|0x0000000083e00000, 0x0000000083e00000, 0x0000000083f00000|  0%| F|  |TAMS 0x0000000083e00000, 0x0000000083e00000| Untracked 
|  53|0x0000000083f00000, 0x0000000083f00000, 0x0000000084000000|  0%| F|  |TAMS 0x0000000083f00000, 0x0000000083f00000| Untracked 
|  54|0x0000000084000000, 0x0000000084000000, 0x0000000084100000|  0%| F|  |TAMS 0x0000000084000000, 0x0000000084000000| Untracked 
|  55|0x0000000084100000, 0x0000000084100000, 0x0000000084200000|  0%| F|  |TAMS 0x0000000084100000, 0x0000000084100000| Untracked 
|  56|0x0000000084200000, 0x0000000084200000, 0x0000000084300000|  0%| F|  |TAMS 0x0000000084200000, 0x0000000084200000| Untracked 
|  57|0x0000000084300000, 0x0000000084300000, 0x0000000084400000|  0%| F|  |TAMS 0x0000000084300000, 0x0000000084300000| Untracked 
|  58|0x0000000084400000, 0x0000000084400000, 0x0000000084500000|  0%| F|  |TAMS 0x0000000084400000, 0x0000000084400000| Untracked 
|  59|0x0000000084500000, 0x0000000084500000, 0x0000000084600000|  0%| F|  |TAMS 0x0000000084500000, 0x0000000084500000| Untracked 
|  60|0x0000000084600000, 0x0000000084600000, 0x0000000084700000|  0%| F|  |TAMS 0x0000000084600000, 0x0000000084600000| Untracked 
|  61|0x0000000084700000, 0x0000000084700000, 0x0000000084800000|  0%| F|  |TAMS 0x0000000084700000, 0x0000000084700000| Untracked 
|  62|0x0000000084800000, 0x0000000084800000, 0x0000000084900000|  0%| F|  |TAMS 0x0000000084800000, 0x0000000084800000| Untracked 
|  63|0x0000000084900000, 0x0000000084900000, 0x0000000084a00000|  0%| F|  |TAMS 0x0000000084900000, 0x0000000084900000| Untracked 
|  64|0x0000000084a00000, 0x0000000084a00000, 0x0000000084b00000|  0%| F|  |TAMS 0x0000000084a00000, 0x0000000084a00000| Untracked 
|  65|0x0000000084b00000, 0x0000000084b00000, 0x0000000084c00000|  0%| F|  |TAMS 0x0000000084b00000, 0x0000000084b00000| Untracked 
|  66|0x0000000084c00000, 0x0000000084c00000, 0x0000000084d00000|  0%| F|  |TAMS 0x0000000084c00000, 0x0000000084c00000| Untracked 
|  67|0x0000000084d00000, 0x0000000084d00000, 0x0000000084e00000|  0%| F|  |TAMS 0x0000000084d00000, 0x0000000084d00000| Untracked 
|  68|0x0000000084e00000, 0x0000000084e00000, 0x0000000084f00000|  0%| F|  |TAMS 0x0000000084e00000, 0x0000000084e00000| Untracked 
|  69|0x0000000084f00000, 0x0000000084f00000, 0x0000000085000000|  0%| F|  |TAMS 0x0000000084f00000, 0x0000000084f00000| Untracked 
|  70|0x0000000085000000, 0x0000000085000000, 0x0000000085100000|  0%| F|  |TAMS 0x0000000085000000, 0x0000000085000000| Untracked 
|  71|0x0000000085100000, 0x0000000085100000, 0x0000000085200000|  0%| F|  |TAMS 0x0000000085100000, 0x0000000085100000| Untracked 
|  72|0x0000000085200000, 0x0000000085200000, 0x0000000085300000|  0%| F|  |TAMS 0x0000000085200000, 0x0000000085200000| Untracked 
|  73|0x0000000085300000, 0x0000000085300000, 0x0000000085400000|  0%| F|  |TAMS 0x0000000085300000, 0x0000000085300000| Untracked 
|  74|0x0000000085400000, 0x0000000085400000, 0x0000000085500000|  0%| F|  |TAMS 0x0000000085400000, 0x0000000085400000| Untracked 
|  75|0x0000000085500000, 0x0000000085500000, 0x0000000085600000|  0%| F|  |TAMS 0x0000000085500000, 0x0000000085500000| Untracked 
|  76|0x0000000085600000, 0x0000000085600000, 0x0000000085700000|  0%| F|  |TAMS 0x0000000085600000, 0x0000000085600000| Untracked 
|  77|0x0000000085700000, 0x0000000085700000, 0x0000000085800000|  0%| F|  |TAMS 0x0000000085700000, 0x0000000085700000| Untracked 
|  78|0x0000000085800000, 0x0000000085800000, 0x0000000085900000|  0%| F|  |TAMS 0x0000000085800000, 0x0000000085800000| Untracked 
|  79|0x0000000085900000, 0x0000000085900000, 0x0000000085a00000|  0%| F|  |TAMS 0x0000000085900000, 0x0000000085900000| Untracked 
|  80|0x0000000085a00000, 0x0000000085a00000, 0x0000000085b00000|  0%| F|  |TAMS 0x0000000085a00000, 0x0000000085a00000| Untracked 
|  81|0x0000000085b00000, 0x0000000085b00000, 0x0000000085c00000|  0%| F|  |TAMS 0x0000000085b00000, 0x0000000085b00000| Untracked 
|  82|0x0000000085c00000, 0x0000000085c00000, 0x0000000085d00000|  0%| F|  |TAMS 0x0000000085c00000, 0x0000000085c00000| Untracked 
|  83|0x0000000085d00000, 0x0000000085d00000, 0x0000000085e00000|  0%| F|  |TAMS 0x0000000085d00000, 0x0000000085d00000| Untracked 
|  84|0x0000000085e00000, 0x0000000085e00000, 0x0000000085f00000|  0%| F|  |TAMS 0x0000000085e00000, 0x0000000085e00000| Untracked 
|  85|0x0000000085f00000, 0x0000000085f00000, 0x0000000086000000|  0%| F|  |TAMS 0x0000000085f00000, 0x0000000085f00000| Untracked 
|  86|0x0000000086000000, 0x0000000086000000, 0x0000000086100000|  0%| F|  |TAMS 0x0000000086000000, 0x0000000086000000| Untracked 
|  87|0x0000000086100000, 0x0000000086100000, 0x0000000086200000|  0%| F|  |TAMS 0x0000000086100000, 0x0000000086100000| Untracked 
|  88|0x0000000086200000, 0x0000000086200000, 0x0000000086300000|  0%| F|  |TAMS 0x0000000086200000, 0x0000000086200000| Untracked 
|  89|0x0000000086300000, 0x0000000086300000, 0x0000000086400000|  0%| F|  |TAMS 0x0000000086300000, 0x0000000086300000| Untracked 
|  90|0x0000000086400000, 0x0000000086400000, 0x0000000086500000|  0%| F|  |TAMS 0x0000000086400000, 0x0000000086400000| Untracked 
|  91|0x0000000086500000, 0x0000000086500000, 0x0000000086600000|  0%| F|  |TAMS 0x0000000086500000, 0x0000000086500000| Untracked 
|  92|0x0000000086600000, 0x0000000086600000, 0x0000000086700000|  0%| F|  |TAMS 0x0000000086600000, 0x0000000086600000| Untracked 
|  93|0x0000000086700000, 0x0000000086700000, 0x0000000086800000|  0%| F|  |TAMS 0x0000000086700000, 0x0000000086700000| Untracked 
|  94|0x0000000086800000, 0x0000000086800000, 0x0000000086900000|  0%| F|  |TAMS 0x0000000086800000, 0x0000000086800000| Untracked 
|  95|0x0000000086900000, 0x0000000086900000, 0x0000000086a00000|  0%| F|  |TAMS 0x0000000086900000, 0x0000000086900000| Untracked 
|  96|0x0000000086a00000, 0x0000000086a00000, 0x0000000086b00000|  0%| F|  |TAMS 0x0000000086a00000, 0x0000000086a00000| Untracked 
|  97|0x0000000086b00000, 0x0000000086b00000, 0x0000000086c00000|  0%| F|  |TAMS 0x0000000086b00000, 0x0000000086b00000| Untracked 
|  98|0x0000000086c00000, 0x0000000086c00000, 0x0000000086d00000|  0%| F|  |TAMS 0x0000000086c00000, 0x0000000086c00000| Untracked 
|  99|0x0000000086d00000, 0x0000000086d00000, 0x0000000086e00000|  0%| F|  |TAMS 0x0000000086d00000, 0x0000000086d00000| Untracked 
| 100|0x0000000086e00000, 0x0000000086e00000, 0x0000000086f00000|  0%| F|  |TAMS 0x0000000086e00000, 0x0000000086e00000| Untracked 
| 101|0x0000000086f00000, 0x0000000086f00000, 0x0000000087000000|  0%| F|  |TAMS 0x0000000086f00000, 0x0000000086f00000| Untracked 
| 102|0x0000000087000000, 0x0000000087000000, 0x0000000087100000|  0%| F|  |TAMS 0x0000000087000000, 0x0000000087000000| Untracked 
| 103|0x0000000087100000, 0x0000000087100000, 0x0000000087200000|  0%| F|  |TAMS 0x0000000087100000, 0x0000000087100000| Untracked 
| 104|0x0000000087200000, 0x0000000087200000, 0x0000000087300000|  0%| F|  |TAMS 0x0000000087200000, 0x0000000087200000| Untracked 
| 105|0x0000000087300000, 0x0000000087300000, 0x0000000087400000|  0%| F|  |TAMS 0x0000000087300000, 0x0000000087300000| Untracked 
| 106|0x0000000087400000, 0x0000000087400000, 0x0000000087500000|  0%| F|  |TAMS 0x0000000087400000, 0x0000000087400000| Untracked 
| 107|0x0000000087500000, 0x0000000087500000, 0x0000000087600000|  0%| F|  |TAMS 0x0000000087500000, 0x0000000087500000| Untracked 
| 108|0x0000000087600000, 0x0000000087600000, 0x0000000087700000|  0%| F|  |TAMS 0x0000000087600000, 0x0000000087600000| Untracked 
| 109|0x0000000087700000, 0x0000000087700000, 0x0000000087800000|  0%| F|  |TAMS 0x0000000087700000, 0x0000000087700000| Untracked 
| 110|0x0000000087800000, 0x0000000087800000, 0x0000000087900000|  0%| F|  |TAMS 0x0000000087800000, 0x0000000087800000| Untracked 
| 111|0x0000000087900000, 0x0000000087900000, 0x0000000087a00000|  0%| F|  |TAMS 0x0000000087900000, 0x0000000087900000| Untracked 
| 112|0x0000000087a00000, 0x0000000087a00000, 0x0000000087b00000|  0%| F|  |TAMS 0x0000000087a00000, 0x0000000087a00000| Untracked 
| 113|0x0000000087b00000, 0x0000000087b00000, 0x0000000087c00000|  0%| F|  |TAMS 0x0000000087b00000, 0x0000000087b00000| Untracked 
| 114|0x0000000087c00000, 0x0000000087c00000, 0x0000000087d00000|  0%| F|  |TAMS 0x0000000087c00000, 0x0000000087c00000| Untracked 
| 115|0x0000000087d00000, 0x0000000087d00000, 0x0000000087e00000|  0%| F|  |TAMS 0x0000000087d00000, 0x0000000087d00000| Untracked 
| 116|0x0000000087e00000, 0x0000000087e00000, 0x0000000087f00000|  0%| F|  |TAMS 0x0000000087e00000, 0x0000000087e00000| Untracked 
| 117|0x0000000087f00000, 0x0000000087f00000, 0x0000000088000000|  0%| F|  |TAMS 0x0000000087f00000, 0x0000000087f00000| Untracked 
| 118|0x0000000088000000, 0x0000000088000000, 0x0000000088100000|  0%| F|  |TAMS 0x0000000088000000, 0x0000000088000000| Untracked 
| 119|0x0000000088100000, 0x0000000088100000, 0x0000000088200000|  0%| F|  |TAMS 0x0000000088100000, 0x0000000088100000| Untracked 
| 120|0x0000000088200000, 0x0000000088200000, 0x0000000088300000|  0%| F|  |TAMS 0x0000000088200000, 0x0000000088200000| Untracked 
| 121|0x0000000088300000, 0x0000000088300000, 0x0000000088400000|  0%| F|  |TAMS 0x0000000088300000, 0x0000000088300000| Untracked 
| 122|0x0000000088400000, 0x0000000088400000, 0x0000000088500000|  0%| F|  |TAMS 0x0000000088400000, 0x0000000088400000| Untracked 
| 123|0x0000000088500000, 0x0000000088500000, 0x0000000088600000|  0%| F|  |TAMS 0x0000000088500000, 0x0000000088500000| Untracked 
| 124|0x0000000088600000, 0x0000000088600000, 0x0000000088700000|  0%| F|  |TAMS 0x0000000088600000, 0x0000000088600000| Untracked 
| 125|0x0000000088700000, 0x00000000887ada60, 0x0000000088800000| 67%| E|  |TAMS 0x0000000088700000, 0x0000000088700000| Complete 
| 126|0x0000000088800000, 0x0000000088900000, 0x0000000088900000|100%| E|CS|TAMS 0x0000000088800000, 0x0000000088800000| Complete 
| 127|0x0000000088900000, 0x0000000088a00000, 0x0000000088a00000|100%| E|CS|TAMS 0x0000000088900000, 0x0000000088900000| Complete 

Card table byte_map: [0x000001c07ea20000,0x000001c07ee20000] _byte_map_base: 0x000001c07e61b000

Marking Bits (Prev, Next): (CMBitMap*) 0x000001c07c734488, (CMBitMap*) 0x000001c07c7344c0
 Prev Bits: [0x000001c017250000, 0x000001c019228000)
 Next Bits: [0x000001c019230000, 0x000001c01b208000)

Polling page: 0x000001c07c510000

Metaspace:

Usage:
  Non-class:      5.99 MB capacity,     5.92 MB ( 99%) used,    69.50 KB (  1%) free+waste,     3.81 KB ( <1%) overhead. 
      Class:    600.00 KB capacity,   581.63 KB ( 97%) used,    16.74 KB (  3%) free+waste,     1.63 KB ( <1%) overhead. 
       Both:      6.58 MB capacity,     6.49 MB ( 99%) used,    86.24 KB (  1%) free+waste,     5.44 KB ( <1%) overhead. 

Virtual space:
  Non-class space:       12.00 MB reserved,       6.00 MB ( 50%) committed 
      Class space:        1.00 GB reserved,     640.00 KB ( <1%) committed 
             Both:        1.01 GB reserved,       6.63 MB ( <1%) committed 

Chunk freelists:
   Non-Class:  1.38 KB
       Class:  1.00 KB
        Both:  2.38 KB

CodeHeap 'non-profiled nmethods': size=120064Kb used=66Kb max_used=66Kb free=119997Kb
 bounds [0x000001c00fd10000, 0x000001c00ff80000, 0x000001c017250000]
CodeHeap 'profiled nmethods': size=120000Kb used=290Kb max_used=290Kb free=119710Kb
 bounds [0x000001c0087e0000, 0x000001c008a50000, 0x000001c00fd10000]
CodeHeap 'non-nmethods': size=5696Kb used=1058Kb max_used=1064Kb free=4638Kb
 bounds [0x000001c008250000, 0x000001c0084c0000, 0x000001c0087e0000]
 total_blobs=655 nmethods=231 adapters=259
 compilation: enabled
              stopped_count=0, restarted_count=0
 full_count=0

Compilation events (10 events):
Event: 0.177 Thread 0x000001c07f8a6000  225       3       java.lang.String::checkBoundsBeginEnd (60 bytes)
Event: 0.178 Thread 0x000001c07f8a6000 nmethod 225 0x000001c008824c10 code [0x000001c008824ee0, 0x000001c008825a80]
Event: 0.178 Thread 0x000001c07f8a6000  226       3       java.util.Arrays::copyOfRange (63 bytes)
Event: 0.179 Thread 0x000001c07f8a6000 nmethod 226 0x000001c008825e90 code [0x000001c008826140, 0x000001c008826ce0]
Event: 0.179 Thread 0x000001c07f8a6000  227       3       java.lang.AbstractStringBuilder::newCapacity (55 bytes)
Event: 0.179 Thread 0x000001c07f8a6000 nmethod 227 0x000001c008827110 code [0x000001c0088272e0, 0x000001c008827570]
Event: 0.179 Thread 0x000001c07f8a6000  228       3       java.lang.StringLatin1::lastIndexOf (40 bytes)
Event: 0.179 Thread 0x000001c07f8a6000 nmethod 228 0x000001c008827690 code [0x000001c008827860, 0x000001c008827c78]
Event: 0.180 Thread 0x000001c07f8a6000  229       3       java.lang.StringUTF16::checkBoundsOffCount (10 bytes)
Event: 0.181 Thread 0x000001c07f8a6000 nmethod 229 0x000001c008827e10 code [0x000001c008827fe0, 0x000001c0088281b0]

GC Heap History (0 events):
No events

Deoptimization events (1 events):
Event: 0.145 Thread 0x000001c07c6f4000 Uncommon trap: reason=unstable_if action=reinterpret pc=0x000001c00fd1f230 method=java.lang.String.equals(Ljava/lang/Object;)Z @ 34 c2

Classes redefined (0 events):
No events

Internal exceptions (0 events):
No events

Events (10 events):
Event: 0.183 loading class java/awt/Frame
Event: 0.183 loading class java/util/concurrent/atomic/LongAdder
Event: 0.183 loading class java/util/concurrent/atomic/Striped64
Event: 0.183 loading class java/awt/MenuContainer
Event: 0.183 loading class java/util/concurrent/atomic/Striped64 done
Event: 0.183 loading class java/awt/MenuContainer done
Event: 0.183 loading class java/util/concurrent/atomic/LongAdder done
Event: 0.183 loading class java/util/concurrent/ConcurrentSkipListMap$Node
Event: 0.183 loading class java/awt/Window
Event: 0.183 loading class java/util/concurrent/ConcurrentSkipListMap$Node done


Dynamic libraries:
0x00007ff7886f0000 - 0x00007ff788737000 	D:\软件\IDEA\JDK\jdk-11\bin\java.exe
0x00007ff9a6a60000 - 0x00007ff9a6c41000 	C:\WINDOWS\SYSTEM32\ntdll.dll
0x00007ff9a6440000 - 0x00007ff9a64f2000 	C:\WINDOWS\System32\KERNEL32.DLL
0x00007ff9a3200000 - 0x00007ff9a3473000 	C:\WINDOWS\System32\KERNELBASE.dll
0x00007ff9a3fc0000 - 0x00007ff9a4061000 	C:\WINDOWS\System32\ADVAPI32.dll
0x00007ff9a44a0000 - 0x00007ff9a453e000 	C:\WINDOWS\System32\msvcrt.dll
0x00007ff9a3ef0000 - 0x00007ff9a3f4b000 	C:\WINDOWS\System32\sechost.dll
0x00007ff9a4860000 - 0x00007ff9a4984000 	C:\WINDOWS\System32\RPCRT4.dll
0x00007ff9a4570000 - 0x00007ff9a4700000 	C:\WINDOWS\System32\USER32.dll
0x00007ff9a34d0000 - 0x00007ff9a34f0000 	C:\WINDOWS\System32\win32u.dll
0x00007ff9a4540000 - 0x00007ff9a4568000 	C:\WINDOWS\System32\GDI32.dll
0x00007ff9a3060000 - 0x00007ff9a31f2000 	C:\WINDOWS\System32\gdi32full.dll
0x00007ff9a34f0000 - 0x00007ff9a358f000 	C:\WINDOWS\System32\msvcp_win.dll
0x00007ff9a2f60000 - 0x00007ff9a305a000 	C:\WINDOWS\System32\ucrtbase.dll
0x00007ff993da0000 - 0x00007ff994009000 	C:\WINDOWS\WinSxS\amd64_microsoft.windows.common-controls_6595b64144ccf1df_6.0.17134.345_none_fb429a5930656358\COMCTL32.dll
0x00007ff9a5ee0000 - 0x00007ff9a6203000 	C:\WINDOWS\System32\combase.dll
0x00007ff99c210000 - 0x00007ff99c21a000 	C:\WINDOWS\SYSTEM32\VERSION.dll
0x00007ff9a2ee0000 - 0x00007ff9a2f5a000 	C:\WINDOWS\System32\bcryptPrimitives.dll
0x00007ff9a65b0000 - 0x00007ff9a65dd000 	C:\WINDOWS\System32\IMM32.DLL
0x00007ff997f80000 - 0x00007ff997f96000 	D:\软件\IDEA\JDK\jdk-11\bin\vcruntime140.dll
0x00007ff981520000 - 0x00007ff9815ca000 	D:\软件\IDEA\JDK\jdk-11\bin\msvcp140.dll
0x00007ff962c00000 - 0x00007ff963742000 	D:\软件\IDEA\JDK\jdk-11\bin\server\jvm.dll
0x00007ff9a3f50000 - 0x00007ff9a3f58000 	C:\WINDOWS\System32\PSAPI.DLL
0x00007ff9a0620000 - 0x00007ff9a0643000 	C:\WINDOWS\SYSTEM32\WINMM.dll
0x00007ff98fe00000 - 0x00007ff98fe09000 	C:\WINDOWS\SYSTEM32\WSOCK32.dll
0x00007ff9a6280000 - 0x00007ff9a62ec000 	C:\WINDOWS\System32\WS2_32.dll
0x00007ff9a0590000 - 0x00007ff9a05ba000 	C:\WINDOWS\SYSTEM32\WINMMBASE.dll
0x00007ff9a3480000 - 0x00007ff9a34c9000 	C:\WINDOWS\System32\cfgmgr32.dll
0x00007ff9a2e10000 - 0x00007ff9a2e21000 	C:\WINDOWS\System32\kernel.appcore.dll
0x00007ff997f60000 - 0x00007ff997f71000 	D:\软件\IDEA\JDK\jdk-11\bin\verify.dll
0x00007ff9a1760000 - 0x00007ff9a1929000 	C:\WINDOWS\SYSTEM32\DBGHELP.DLL
0x00007ff99aef0000 - 0x00007ff99af19000 	C:\WINDOWS\SYSTEM32\dbgcore.DLL
0x00007ff997f30000 - 0x00007ff997f59000 	D:\软件\IDEA\JDK\jdk-11\bin\java.dll
0x00007ff98a390000 - 0x00007ff98a3bf000 	D:\软件\IDEA\JDK\jdk-11\bin\instrument.dll
0x00007ff994140000 - 0x00007ff994156000 	D:\软件\IDEA\JDK\jdk-11\bin\zip.dll
0x00007ff9a0690000 - 0x00007ff9a069a000 	D:\软件\IDEA\JDK\jdk-11\bin\jimage.dll
0x00007ff9a49b0000 - 0x00007ff9a5def000 	C:\WINDOWS\System32\SHELL32.dll
0x00007ff9a6500000 - 0x00007ff9a65a9000 	C:\WINDOWS\System32\shcore.dll
0x00007ff9a35f0000 - 0x00007ff9a3cfd000 	C:\WINDOWS\System32\windows.storage.dll
0x00007ff9a6210000 - 0x00007ff9a6261000 	C:\WINDOWS\System32\shlwapi.dll
0x00007ff9a2d70000 - 0x00007ff9a2d8f000 	C:\WINDOWS\System32\profapi.dll
0x00007ff9a2db0000 - 0x00007ff9a2dfc000 	C:\WINDOWS\System32\powrprof.dll
0x00007ff9a2e00000 - 0x00007ff9a2e0a000 	C:\WINDOWS\System32\FLTLIB.DLL
0x00007ff98e8e0000 - 0x00007ff98e8f9000 	D:\软件\IDEA\JDK\jdk-11\bin\net.dll
0x00007ff99c490000 - 0x00007ff99c56c000 	C:\WINDOWS\SYSTEM32\WINHTTP.dll
0x00007ff9a2570000 - 0x00007ff9a25d6000 	C:\WINDOWS\system32\mswsock.dll
0x00007ff98e6e0000 - 0x00007ff98e6f3000 	D:\软件\IDEA\JDK\jdk-11\bin\nio.dll

dbghelp: loaded successfully - version: 4.0.5 - missing functions: none
symbol engine: initialized successfully - sym options: 0x614 - pdb path: .;D:\软件\IDEA\JDK\jdk-11\bin;C:\WINDOWS\SYSTEM32;C:\WINDOWS\WinSxS\amd64_microsoft.windows.common-controls_6595b64144ccf1df_6.0.17134.345_none_fb429a5930656358;D:\软件\IDEA\JDK\jdk-11\bin\se;D:\软件\IDEA\JDK\jdk-11\bin\;D:\软件\IDEA\JDK\jdk-11\bi;D:\软件\IDEA\JDK\jdk-11\;D:\软件\IDEA\JDK\jdk-1;D:\软件\IDEA\JDK\jdk;D:\软件\IDEA\JDK\j;D:\软件\IDEA\JDK

VM Arguments:
jvm_args: -javaagent:D:\软件\IDEA\IntelliJ IDEA 2018.2.4\lib\idea_rt.jar=55234:D:\软件\IDEA\IntelliJ IDEA 2018.2.4\bin -Dfile.encoding=UTF-8 
java_command: play.GameInterface
java_class_path (initial): D:\软件\IDEA\Workplace\blackjack\target\classes;C:\Users\56324\.m2\repository\org\eclipse\jetty\jetty-util\9.4.12.v20180830\jetty-util-9.4.12.v20180830.jar;C:\Users\56324\.m2\repository\com\gitlab\cdc-java\util\cdc-util-core\0.0.9.1\cdc-util-core-0.0.9.1.jar;C:\Users\56324\.m2\repository\org\apache\logging\log4j\log4j-api\2.9.1\log4j-api-2.9.1.jar;C:\Users\56324\.m2\repository\org\apache\logging\log4j\log4j-core\2.9.1\log4j-core-2.9.1.jar;C:\Users\56324\.m2\repository\commons-cli\commons-cli\1.4\commons-cli-1.4.jar
Launcher Type: SUN_STANDARD

[Global flags]
     intx CICompilerCount                          = 3                                         {product} {ergonomic}
     uint ConcGCThreads                            = 1                                         {product} {ergonomic}
     uint G1ConcRefinementThreads                  = 4                                         {product} {ergonomic}
   size_t G1HeapRegionSize                         = 1048576                                   {product} {ergonomic}
    uintx GCDrainStackTargetSize                   = 64                                        {product} {ergonomic}
   size_t InitialHeapSize                          = 134217728                                 {product} {ergonomic}
   size_t MarkStackSize                            = 4194304                                   {product} {ergonomic}
   size_t MaxHeapSize                              = 2136997888                                {product} {ergonomic}
   size_t MaxNewSize                               = 1281359872                                {product} {ergonomic}
   size_t MinHeapDeltaBytes                        = 1048576                                   {product} {ergonomic}
    uintx NonNMethodCodeHeapSize                   = 5830092                                {pd product} {ergonomic}
    uintx NonProfiledCodeHeapSize                  = 122914074                              {pd product} {ergonomic}
    uintx ProfiledCodeHeapSize                     = 122914074                              {pd product} {ergonomic}
    uintx ReservedCodeCacheSize                    = 251658240                              {pd product} {ergonomic}
     bool SegmentedCodeCache                       = true                                      {product} {ergonomic}
     bool UseCompressedClassPointers               = true                                 {lp64_product} {ergonomic}
     bool UseCompressedOops                        = true                                 {lp64_product} {ergonomic}
     bool UseG1GC                                  = true                                      {product} {ergonomic}
     bool UseLargePagesIndividualAllocation        = false                                  {pd product} {ergonomic}

Logging:
Log output configuration:
 #0: stdout all=warning uptime,level,tags
 #1: stderr all=off uptime,level,tags

Environment Variables:
PATH=C:\Program Files (x86)\Intel\iCLS Client\;C:\Program Files\Intel\iCLS Client\;C:\Windows\system32;C:\Windows;C:\Windows\System32\Wbem;C:\Windows\System32\WindowsPowerShell\v1.0\;C:\Program Files (x86)\NVIDIA Corporation\PhysX\Common;C:\Program Files (x86)\Intel\Intel(R) Management Engine Components\DAL;C:\Program Files\Intel\Intel(R) Management Engine Components\DAL;C:\Program Files (x86)\Intel\Intel(R) Management Engine Components\IPT;C:\Program Files\Intel\Intel(R) Management Engine Components\IPT;C:\Program Files\Intel\WiFi\bin\;C:\Program Files\Common Files\Intel\WirelessCommon\;C:\WINDOWS\system32;C:\WINDOWS;C:\WINDOWS\System32\Wbem;C:\WINDOWS\System32\WindowsPowerShell\v1.0\;C:\WINDOWS\System32\OpenSSH\;D:\软件\IDEA\JDK\jdk-11\bin;%;2_HOME%\bin;C:\Users\56324\AppData\Local\Microsoft\WindowsApps;
USERNAME=56324
OS=Windows_NT
PROCESSOR_IDENTIFIER=Intel64 Family 6 Model 158 Stepping 9, GenuineIntel



---------------  S Y S T E M  ---------------

OS: Windows 10 , 64 bit Build 17134 (10.0.17134.1)

CPU:total 4 (initial active 4) (4 cores per cpu, 1 threads per core) family 6 model 158 stepping 9, cmov, cx8, fxsr, mmx, sse, sse2, sse3, ssse3, sse4.1, sse4.2, popcnt, avx, avx2, aes, clmul, erms, 3dnowpref, lzcnt, tsc, tscinvbit, bmi1, bmi2, adx, fma

Memory: 4k page, system-wide physical 8145M (1332M free)
TotalPageFile size 23297M (AvailPageFile size 0M)
current process WorkingSet (physical memory assigned to process): 37M, peak: 37M
current process commit charge ("private bytes"): 198M, peak: 198M

vm_info: Java HotSpot(TM) 64-Bit Server VM (11+28) for windows-amd64 JRE (11+28), built on Aug 23 2018 03:03:59 by "mach5one" with MS VC++ 15.5 (VS2017)

END.
