#
# There is insufficient memory for the Java Runtime Environment to continue.
# Native memory allocation (mmap) failed to map 134217728 bytes for Failed to commit area from 0x0000000080a00000 to 0x0000000088a00000 of length 134217728.
# Possible reasons:
#   The system is out of physical RAM or swap space
#   The process is running with CompressedOops enabled, and the Java Heap may be blocking the growth of the native heap
# Possible solutions:
#   Reduce memory load on the system
#   Increase physical memory or swap space
#   Check if swap backing store is full
#   Decrease Java heap size (-Xmx/-Xms)
#   Decrease number of Java threads
#   Decrease Java thread stack sizes (-Xss)
#   Set larger code cache with -XX:ReservedCodeCacheSize=
# This output file may be truncated or incomplete.
#
#  Out of Memory Error (t:/workspace/open/src/hotspot/os/windows/os_windows.cpp:3269), pid=28676, tid=29556
#
# JRE version:  (11.0+28) (build )
# Java VM: Java HotSpot(TM) 64-Bit Server VM (11+28, mixed mode, aot, sharing, tiered, compressed oops, g1 gc, windows-amd64)
# No core dump will be written. Minidumps are not enabled by default on client versions of Windows
#

---------------  S U M M A R Y ------------

Command Line: -agentlib:jdwp=transport=dt_socket,address=127.0.0.1:55246,suspend=y,server=n -javaagent:C:\Users\56324\.IntelliJIdea2018.2\system\captureAgent\debugger-agent.jar=file:/C:/Users/56324/AppData/Local/Temp/capture.props -Dfile.encoding=UTF-8 play.GameInterface

Host: Intel(R) Core(TM) i5-7300HQ CPU @ 2.50GHz, 4 cores, 7G,  Windows 10 , 64 bit Build 17134 (10.0.17134.1)
Time: Mon Nov  5 19:33:12 2018 ?D1ú±ê×?ê±?? elapsed time: 0 seconds (0d 0h 0m 0s)

---------------  T H R E A D  ---------------

Current thread (0x000001f610087800):  JavaThread "Unknown thread" [_thread_in_vm, id=29556, stack(0x0000000588b00000,0x0000000588c00000)]

Stack: [0x0000000588b00000,0x0000000588c00000]
Native frames: (J=compiled Java code, j=interpreted, Vv=VM code, C=native code)
V  [jvm.dll+0x63c22a]
V  [jvm.dll+0x7797ef]
V  [jvm.dll+0x77adda]
V  [jvm.dll+0x77b493]
V  [jvm.dll+0x262818]
V  [jvm.dll+0x6396da]
V  [jvm.dll+0x62dfb5]
V  [jvm.dll+0x31699c]
V  [jvm.dll+0x316822]
V  [jvm.dll+0x31c096]
V  [jvm.dll+0x3684af]
V  [jvm.dll+0x367ed0]
V  [jvm.dll+0x2f38b8]
V  [jvm.dll+0x2f4a16]
V  [jvm.dll+0x752db7]
V  [jvm.dll+0x7544ff]
V  [jvm.dll+0x3752e9]
V  [jvm.dll+0x7394b9]
V  [jvm.dll+0x3e46fd]
V  [jvm.dll+0x3e69d1]
C  [java.exe+0x3603]
C  [java.exe+0x178dc]
C  [KERNEL32.DLL+0x13034]
C  [ntdll.dll+0x71461]


---------------  P R O C E S S  ---------------

Threads class SMR info:
_java_thread_list=0x000001f60ff65440, length=0, elements={
}

Java Threads: ( => current thread )

Other Threads:
  0x000001f6100e4800 GCTaskThread "GC Thread#0" [stack: 0x0000000588c00000,0x0000000588d00000] [id=28740]
  0x000001f610110800 ConcurrentGCThread "G1 Main Marker" [stack: 0x0000000588d00000,0x0000000588e00000] [id=28772]
  0x000001f610114000 ConcurrentGCThread "G1 Conc#0" [stack: 0x0000000588e00000,0x0000000588f00000] [id=28768]

[error occurred during error reporting (printing all threads), id 0xc0000005, EXCEPTION_ACCESS_VIOLATION (0xc0000005) at pc=0x00007ff962f02137]

VM state:not at safepoint (not fully initialized)

VM Mutex/Monitor currently owned by a thread:  ([mutex/lock_event])
[0x000001f610086c20] Heap_lock - owner thread: 0x000001f610087800

Heap address: 0x0000000080a00000, size: 2038 MB, Compressed Oops mode: Non-zero based: 0x0000000080a00000
Narrow klass base: 0x0000000000000000, Narrow klass shift: 0

GC Heap History (0 events):
No events

Deoptimization events (0 events):
No events

Classes redefined (0 events):
No events

Internal exceptions (0 events):
No events

Events (0 events):
No events


Dynamic libraries:
0x00007ff7886f0000 - 0x00007ff788737000 	D:\软件\IDEA\JDK\jdk-11\bin\java.exe
0x00007ff9a6a60000 - 0x00007ff9a6c41000 	C:\WINDOWS\SYSTEM32\ntdll.dll
0x00007ff9a6440000 - 0x00007ff9a64f2000 	C:\WINDOWS\System32\KERNEL32.DLL
0x00007ff9a3200000 - 0x00007ff9a3473000 	C:\WINDOWS\System32\KERNELBASE.dll
0x00007ff9a3fc0000 - 0x00007ff9a4061000 	C:\WINDOWS\System32\ADVAPI32.dll
0x00007ff9a44a0000 - 0x00007ff9a453e000 	C:\WINDOWS\System32\msvcrt.dll
0x00007ff9a3ef0000 - 0x00007ff9a3f4b000 	C:\WINDOWS\System32\sechost.dll
0x00007ff9a4860000 - 0x00007ff9a4984000 	C:\WINDOWS\System32\RPCRT4.dll
0x00007ff9a4570000 - 0x00007ff9a4700000 	C:\WINDOWS\System32\USER32.dll
0x00007ff9a34d0000 - 0x00007ff9a34f0000 	C:\WINDOWS\System32\win32u.dll
0x00007ff9a4540000 - 0x00007ff9a4568000 	C:\WINDOWS\System32\GDI32.dll
0x00007ff9a3060000 - 0x00007ff9a31f2000 	C:\WINDOWS\System32\gdi32full.dll
0x00007ff9a34f0000 - 0x00007ff9a358f000 	C:\WINDOWS\System32\msvcp_win.dll
0x00007ff9a2f60000 - 0x00007ff9a305a000 	C:\WINDOWS\System32\ucrtbase.dll
0x00007ff993da0000 - 0x00007ff994009000 	C:\WINDOWS\WinSxS\amd64_microsoft.windows.common-controls_6595b64144ccf1df_6.0.17134.345_none_fb429a5930656358\COMCTL32.dll
0x00007ff99c210000 - 0x00007ff99c21a000 	C:\WINDOWS\SYSTEM32\VERSION.dll
0x00007ff9a5ee0000 - 0x00007ff9a6203000 	C:\WINDOWS\System32\combase.dll
0x00007ff9a2ee0000 - 0x00007ff9a2f5a000 	C:\WINDOWS\System32\bcryptPrimitives.dll
0x00007ff9a65b0000 - 0x00007ff9a65dd000 	C:\WINDOWS\System32\IMM32.DLL
0x00007ff997f80000 - 0x00007ff997f96000 	D:\软件\IDEA\JDK\jdk-11\bin\vcruntime140.dll
0x00007ff981520000 - 0x00007ff9815ca000 	D:\软件\IDEA\JDK\jdk-11\bin\msvcp140.dll
0x00007ff962c00000 - 0x00007ff963742000 	D:\软件\IDEA\JDK\jdk-11\bin\server\jvm.dll
0x00007ff9a3f50000 - 0x00007ff9a3f58000 	C:\WINDOWS\System32\PSAPI.DLL
0x00007ff98fe00000 - 0x00007ff98fe09000 	C:\WINDOWS\SYSTEM32\WSOCK32.dll
0x00007ff9a0620000 - 0x00007ff9a0643000 	C:\WINDOWS\SYSTEM32\WINMM.dll
0x00007ff9a6280000 - 0x00007ff9a62ec000 	C:\WINDOWS\System32\WS2_32.dll
0x00007ff9a0590000 - 0x00007ff9a05ba000 	C:\WINDOWS\SYSTEM32\winmmbase.dll
0x00007ff9a3480000 - 0x00007ff9a34c9000 	C:\WINDOWS\System32\cfgmgr32.dll
0x00007ff9a2e10000 - 0x00007ff9a2e21000 	C:\WINDOWS\System32\kernel.appcore.dll
0x00007ff997f60000 - 0x00007ff997f71000 	D:\软件\IDEA\JDK\jdk-11\bin\verify.dll
0x00007ff9a1760000 - 0x00007ff9a1929000 	C:\WINDOWS\SYSTEM32\DBGHELP.DLL
0x00007ff99aef0000 - 0x00007ff99af19000 	C:\WINDOWS\SYSTEM32\dbgcore.DLL
0x00007ff997f30000 - 0x00007ff997f59000 	D:\软件\IDEA\JDK\jdk-11\bin\java.dll
0x00007ff995320000 - 0x00007ff995357000 	D:\软件\IDEA\JDK\jdk-11\bin\jdwp.dll
0x00007ff98a390000 - 0x00007ff98a3bf000 	D:\软件\IDEA\JDK\jdk-11\bin\instrument.dll
0x00007ff994140000 - 0x00007ff994156000 	D:\软件\IDEA\JDK\jdk-11\bin\zip.dll
0x00007ff9a0690000 - 0x00007ff9a069a000 	D:\软件\IDEA\JDK\jdk-11\bin\jimage.dll

dbghelp: loaded successfully - version: 4.0.5 - missing functions: none
symbol engine: initialized successfully - sym options: 0x614 - pdb path: .;D:\软件\IDEA\JDK\jdk-11\bin;C:\WINDOWS\SYSTEM32;C:\WINDOWS\WinSxS\amd64_microsoft.windows.common-controls_6595b64144ccf1df_6.0.17134.345_none_fb429a5930656358;D:\软件\IDEA\JDK\jdk-11\bin\se;D:\软件\IDEA\JDK\jdk-11\bin\;D:\软件\IDEA\JDK\jdk-11\bi;D:\软件\IDEA\JDK\jdk-11\;D:\软件\IDEA\JDK\jdk-1;D:\软件\IDEA\JDK\jdk

VM Arguments:
jvm_args: -agentlib:jdwp=transport=dt_socket,address=127.0.0.1:55246,suspend=y,server=n -javaagent:C:\Users\56324\.IntelliJIdea2018.2\system\captureAgent\debugger-agent.jar=file:/C:/Users/56324/AppData/Local/Temp/capture.props -Dfile.encoding=UTF-8 
java_command: play.GameInterface
java_class_path (initial): D:\软件\IDEA\Workplace\blackjack\target\classes;C:\Users\56324\.m2\repository\org\eclipse\jetty\jetty-util\9.4.12.v20180830\jetty-util-9.4.12.v20180830.jar;C:\Users\56324\.m2\repository\com\gitlab\cdc-java\util\cdc-util-core\0.0.9.1\cdc-util-core-0.0.9.1.jar;C:\Users\56324\.m2\repository\org\apache\logging\log4j\log4j-api\2.9.1\log4j-api-2.9.1.jar;C:\Users\56324\.m2\repository\org\apache\logging\log4j\log4j-core\2.9.1\log4j-core-2.9.1.jar;C:\Users\56324\.m2\repository\commons-cli\commons-cli\1.4\commons-cli-1.4.jar;D:\软件\IDEA\IntelliJ IDEA 2018.2.4\lib\idea_rt.jar
Launcher Type: SUN_STANDARD

[Global flags]
     intx CICompilerCount                          = 3                                         {product} {ergonomic}
     uint ConcGCThreads                            = 1                                         {product} {ergonomic}
     uint G1ConcRefinementThreads                  = 4                                         {product} {ergonomic}
   size_t G1HeapRegionSize                         = 1048576                                   {product} {ergonomic}
    uintx GCDrainStackTargetSize                   = 64                                        {product} {ergonomic}
   size_t InitialHeapSize                          = 134217728                                 {product} {ergonomic}
   size_t MarkStackSize                            = 4194304                                   {product} {ergonomic}
   size_t MaxHeapSize                              = 2136997888                                {product} {ergonomic}
   size_t MinHeapDeltaBytes                        = 1048576                                   {product} {ergonomic}
    uintx NonNMethodCodeHeapSize                   = 5830092                                {pd product} {ergonomic}
    uintx NonProfiledCodeHeapSize                  = 122914074                              {pd product} {ergonomic}
    uintx ProfiledCodeHeapSize                     = 122914074                              {pd product} {ergonomic}
    uintx ReservedCodeCacheSize                    = 251658240                              {pd product} {ergonomic}
     bool SegmentedCodeCache                       = true                                      {product} {ergonomic}
     bool UseCompressedClassPointers               = true                                 {lp64_product} {ergonomic}
     bool UseCompressedOops                        = true                                 {lp64_product} {ergonomic}
     bool UseG1GC                                  = true                                      {product} {ergonomic}
     bool UseLargePagesIndividualAllocation        = false                                  {pd product} {ergonomic}

Logging:
Log output configuration:
 #0: stdout all=warning uptime,level,tags
 #1: stderr all=off uptime,level,tags

Environment Variables:
PATH=C:\Program Files (x86)\Intel\iCLS Client\;C:\Program Files\Intel\iCLS Client\;C:\Windows\system32;C:\Windows;C:\Windows\System32\Wbem;C:\Windows\System32\WindowsPowerShell\v1.0\;C:\Program Files (x86)\NVIDIA Corporation\PhysX\Common;C:\Program Files (x86)\Intel\Intel(R) Management Engine Components\DAL;C:\Program Files\Intel\Intel(R) Management Engine Components\DAL;C:\Program Files (x86)\Intel\Intel(R) Management Engine Components\IPT;C:\Program Files\Intel\Intel(R) Management Engine Components\IPT;C:\Program Files\Intel\WiFi\bin\;C:\Program Files\Common Files\Intel\WirelessCommon\;C:\WINDOWS\system32;C:\WINDOWS;C:\WINDOWS\System32\Wbem;C:\WINDOWS\System32\WindowsPowerShell\v1.0\;C:\WINDOWS\System32\OpenSSH\;D:\软件\IDEA\JDK\jdk-11\bin;%;2_HOME%\bin;C:\Users\56324\AppData\Local\Microsoft\WindowsApps;
USERNAME=56324
OS=Windows_NT
PROCESSOR_IDENTIFIER=Intel64 Family 6 Model 158 Stepping 9, GenuineIntel



---------------  S Y S T E M  ---------------

OS: Windows 10 , 64 bit Build 17134 (10.0.17134.1)

CPU:total 4 (initial active 4) (4 cores per cpu, 1 threads per core) family 6 model 158 stepping 9, cmov, cx8, fxsr, mmx, sse, sse2, sse3, ssse3, sse4.1, sse4.2, popcnt, avx, avx2, aes, clmul, erms, 3dnowpref, lzcnt, tsc, tscinvbit, bmi1, bmi2, adx, fma

Memory: 4k page, system-wide physical 8145M (1280M free)
TotalPageFile size 23297M (AvailPageFile size 93M)
current process WorkingSet (physical memory assigned to process): 10M, peak: 10M
current process commit charge ("private bytes"): 52M, peak: 179M

vm_info: Java HotSpot(TM) 64-Bit Server VM (11+28) for windows-amd64 JRE (11+28), built on Aug 23 2018 03:03:59 by "mach5one" with MS VC++ 15.5 (VS2017)

END.
